<?xml version="1.0" encoding="UTF-8"?>
<!-- Generated by org.testng.reporters.JUnitReportReporter -->
<testsuite hostname="PavanSontakke" failures="0" tests="1" name="Package9.TestNgg" time="0.004" errors="0" timestamp="2022-10-14T16:46:15 IST" skipped="0">
  <testcase classname="Package9.TestNgg" name="test" time="0.004"/>
  <system-out/>
</testsuite> <!-- Package9.TestNgg -->
