<?xml version="1.0" encoding="UTF-8"?>
<!-- Generated by org.testng.reporters.JUnitReportReporter -->
<testsuite hostname="PavanSontakke" failures="0" tests="1" name="Package9.TestNG" time="0.004" errors="0" timestamp="2022-10-14T17:06:15 IST" skipped="0">
  <testcase classname="Package9.TestNG" name="test" time="0.004"/>
  <system-out/>
</testsuite> <!-- Package9.TestNG -->
